#
# A fatal error has been detected by the Java Runtime Environment:
#
#  Internal Error (assembler_x86.cpp:1105), pid=11500, tid=16996
#  Error: ShouldNotReachHere()
#
# JRE version: OpenJDK Runtime Environment Temurin-17.0.9+9 (17.0.9+9) (build 17.0.9+9)
# Java VM: OpenJDK 64-Bit Server VM Temurin-17.0.9+9 (17.0.9+9, mixed mode, emulated-client, sharing, tiered, compressed oops, compressed class ptrs, g1 gc, windows-amd64)
# No core dump will be written. Minidumps are not enabled by default on client versions of Windows
#
# If you would like to submit a bug report, please visit:
#   https://github.com/adoptium/adoptium-support/issues
#

---------------  S U M M A R Y ------------

Command Line: -XX:+HeapDumpOnOutOfMemoryError -Xmx1024m -Dsts.lsp.client=vscode -Dsts.log.file=/dev/null -XX:TieredStopAtLevel=1 -Xlog:jni+resolve=off -Dspring.config.location=file:c:\Users\Thiago\.vscode\extensions\vmware.vscode-spring-boot-1.50.0\language-server\BOOT-INF\classes\application.properties org.springframework.ide.vscode.boot.app.BootLanguageServerBootApp

Host: Intel(R) Core(TM) i7-4790K CPU @ 4.00GHz, 8 cores, 31G,  Windows 10 , 64 bit Build 19041 (10.0.19041.3636)
Time: Mon Nov  6 21:33:52 2023 Hora oficial do Brasil elapsed time: 1378.899001 seconds (0d 0h 22m 58s)

---------------  T H R E A D  ---------------

Current thread (0x0000025bf9774300):  GCTaskThread "GC Thread#0" [stack: 0x0000009a22c00000,0x0000009a22d00000] [id=16996]

Stack: [0x0000009a22c00000,0x0000009a22d00000]
Native frames: (J=compiled Java code, j=interpreted, Vv=VM code, C=native code)
V  [jvm.dll+0x67cf49]
V  [jvm.dll+0x83478a]
V  [jvm.dll+0x83624e]
V  [jvm.dll+0x836867]
V  [jvm.dll+0x247e4a]
V  [jvm.dll+0x247d83]
V  [jvm.dll+0xd23cc]
V  [jvm.dll+0x6cd472]
V  [jvm.dll+0x230986]
V  [jvm.dll+0x231a93]
V  [jvm.dll+0x652d58]
V  [jvm.dll+0x687ad3]
V  [jvm.dll+0x30ace3]
V  [jvm.dll+0x861e7b]
V  [jvm.dll+0x861ec6]
V  [jvm.dll+0x7e3c3a]
V  [jvm.dll+0x67be35]
C  [ucrtbase.dll+0x21bb2]
C  [KERNEL32.DLL+0x17344]
C  [ntdll.dll+0x526b1]


---------------  P R O C E S S  ---------------

Threads class SMR info:
_java_thread_list=0x0000025bd11f9660, length=27, elements={
0x0000025bff9c2ae0, 0x0000025bff9b89d0, 0x0000025bff9d7070, 0x0000025bff9d7c00,
0x0000025bff9d94e0, 0x0000025bff9db1c0, 0x0000025bff9dba90, 0x0000025bff9dc7b0,
0x0000025b89cb4350, 0x0000025b89cc6cb0, 0x0000025bd044d290, 0x0000025bd032fb70,
0x0000025bd02e1870, 0x0000025bf9737130, 0x0000025bd01a16a0, 0x0000025bd058db30,
0x0000025bd0018060, 0x0000025bd0018f90, 0x0000025bd0018570, 0x0000025bd06338a0,
0x0000025bd0631f50, 0x0000025bd0635c10, 0x0000025bd0632970, 0x0000025bd0632e80,
0x0000025bd0632460, 0x0000025bd062f1c0, 0x0000025bd0631a40
}

Java Threads: ( => current thread )
  0x0000025bff9c2ae0 JavaThread "Reference Handler" daemon [_thread_blocked, id=11380, stack(0x0000009a23200000,0x0000009a23300000)]
  0x0000025bff9b89d0 JavaThread "Finalizer" daemon [_thread_blocked, id=7408, stack(0x0000009a23300000,0x0000009a23400000)]
  0x0000025bff9d7070 JavaThread "Signal Dispatcher" daemon [_thread_blocked, id=4840, stack(0x0000009a23400000,0x0000009a23500000)]
  0x0000025bff9d7c00 JavaThread "Attach Listener" daemon [_thread_blocked, id=3156, stack(0x0000009a23500000,0x0000009a23600000)]
  0x0000025bff9d94e0 JavaThread "Service Thread" daemon [_thread_blocked, id=17492, stack(0x0000009a23600000,0x0000009a23700000)]
  0x0000025bff9db1c0 JavaThread "Monitor Deflation Thread" daemon [_thread_blocked, id=5368, stack(0x0000009a23700000,0x0000009a23800000)]
  0x0000025bff9dba90 JavaThread "C1 CompilerThread0" daemon [_thread_blocked, id=16440, stack(0x0000009a23800000,0x0000009a23900000)]
  0x0000025bff9dc7b0 JavaThread "Sweeper thread" daemon [_thread_blocked, id=9864, stack(0x0000009a23900000,0x0000009a23a00000)]
  0x0000025b89cb4350 JavaThread "Notification Thread" daemon [_thread_blocked, id=12812, stack(0x0000009a23b00000,0x0000009a23c00000)]
  0x0000025b89cc6cb0 JavaThread "Common-Cleaner" daemon [_thread_blocked, id=18624, stack(0x0000009a23d00000,0x0000009a23e00000)]
  0x0000025bd044d290 JavaThread "boundedElastic-evictor-1" daemon [_thread_blocked, id=16548, stack(0x0000009a24800000,0x0000009a24900000)]
  0x0000025bd032fb70 JavaThread "pool-11-thread-1" [_thread_blocked, id=10216, stack(0x0000009a24900000,0x0000009a24a00000)]
  0x0000025bd02e1870 JavaThread "LanguageServerApp-lifecycle" [_thread_blocked, id=19328, stack(0x0000009a24a00000,0x0000009a24b00000)]
  0x0000025bf9737130 JavaThread "DestroyJavaVM" [_thread_blocked, id=13932, stack(0x0000009a22b00000,0x0000009a22c00000)]
  0x0000025bd01a16a0 JavaThread "pool-12-thread-1" [_thread_in_native, id=9784, stack(0x0000009a24b00000,0x0000009a24c00000)]
  0x0000025bd058db30 JavaThread "Simple-Language-Server main thread" daemon [_thread_blocked, id=19176, stack(0x0000009a24c00000,0x0000009a24d00000)]
  0x0000025bd0018060 JavaThread "parallel-1" daemon [_thread_blocked, id=1872, stack(0x0000009a25000000,0x0000009a25100000)]
  0x0000025bd0018f90 JavaThread "pool-5-thread-1" [_thread_blocked, id=15904, stack(0x0000009a25100000,0x0000009a25200000)]
  0x0000025bd0018570 JavaThread "parallel-2" daemon [_thread_blocked, id=5836, stack(0x0000009a25200000,0x0000009a25300000)]
  0x0000025bd06338a0 JavaThread "parallel-3" daemon [_thread_blocked, id=9340, stack(0x0000009a22a00000,0x0000009a22b00000)]
  0x0000025bd0631f50 JavaThread "Reconciler-1" daemon [_thread_blocked, id=9488, stack(0x0000009a24600000,0x0000009a24700000)]
  0x0000025bd0635c10 JavaThread "parallel-4" daemon [_thread_blocked, id=13376, stack(0x0000009a24f00000,0x0000009a25000000)]
  0x0000025bd0632970 JavaThread "parallel-5" daemon [_thread_blocked, id=11040, stack(0x0000009a25300000,0x0000009a25400000)]
  0x0000025bd0632e80 JavaThread "parallel-6" daemon [_thread_blocked, id=9792, stack(0x0000009a25400000,0x0000009a25500000)]
  0x0000025bd0632460 JavaThread "parallel-7" daemon [_thread_blocked, id=8880, stack(0x0000009a22900000,0x0000009a22a00000)]
  0x0000025bd062f1c0 JavaThread "parallel-8" daemon [_thread_blocked, id=5484, stack(0x0000009a24700000,0x0000009a24800000)]
  0x0000025bd0631a40 JavaThread "pool-7-thread-1" [_thread_blocked, id=3496, stack(0x0000009a24d00000,0x0000009a24e00000)]

Other Threads:
  0x0000025bff9c0320 VMThread "VM Thread" [stack: 0x0000009a23100000,0x0000009a23200000] [id=9896]
  0x0000025b89cc4850 WatcherThread [stack: 0x0000009a23c00000,0x0000009a23d00000] [id=4484]
=>0x0000025bf9774300 GCTaskThread "GC Thread#0" [stack: 0x0000009a22c00000,0x0000009a22d00000] [id=16996]
  0x0000025bcf6cf260 GCTaskThread "GC Thread#1" [stack: 0x0000009a23e00000,0x0000009a23f00000] [id=9084]
  0x0000025bcf6cece0 GCTaskThread "GC Thread#2" [stack: 0x0000009a23f00000,0x0000009a24000000] [id=3768]
  0x0000025bcf6cf520 GCTaskThread "GC Thread#3" [stack: 0x0000009a24000000,0x0000009a24100000] [id=15508]
  0x0000025bcf6cfd60 GCTaskThread "GC Thread#4" [stack: 0x0000009a24100000,0x0000009a24200000] [id=6496]
  0x0000025bcf6cf7e0 GCTaskThread "GC Thread#5" [stack: 0x0000009a24200000,0x0000009a24300000] [id=19316]
  0x0000025bcf6ce760 GCTaskThread "GC Thread#6" [stack: 0x0000009a24300000,0x0000009a24400000] [id=6336]
  0x0000025bcf6cefa0 GCTaskThread "GC Thread#7" [stack: 0x0000009a24400000,0x0000009a24500000] [id=13752]
  0x0000025bf977d160 ConcurrentGCThread "G1 Main Marker" [stack: 0x0000009a22d00000,0x0000009a22e00000] [id=4508]
  0x0000025bf977e230 ConcurrentGCThread "G1 Conc#0" [stack: 0x0000009a22e00000,0x0000009a22f00000] [id=11452]
  0x0000025bcf6ce4a0 ConcurrentGCThread "G1 Conc#1" [stack: 0x0000009a24500000,0x0000009a24600000] [id=11616]
  0x0000025bf97eec00 ConcurrentGCThread "G1 Refine#0" [stack: 0x0000009a22f00000,0x0000009a23000000] [id=16608]
  0x0000025bff8f5670 ConcurrentGCThread "G1 Service" [stack: 0x0000009a23000000,0x0000009a23100000] [id=16856]

Threads with active compile tasks:

VM state: at safepoint (normal execution)

VM Mutex/Monitor currently owned by a thread:  ([mutex/lock_event])
[0x0000025bf75f1e60] Threads_lock - owner thread: 0x0000025bff9c0320
[0x0000025bf97347a0] Heap_lock - owner thread: 0x0000025bd032fb70

Heap address: 0x00000000c0000000, size: 1024 MB, Compressed Oops mode: 32-bit

CDS archive(s) mapped at: [0x0000025b8a000000-0x0000025b8aba0000-0x0000025b8aba0000), size 12189696, SharedBaseAddress: 0x0000025b8a000000, ArchiveRelocationMode: 1.
Compressed class space mapped at: 0x0000025b8b000000-0x0000025bcb000000, reserved size: 1073741824
Narrow klass base: 0x0000025b8a000000, Narrow klass shift: 0, Narrow klass range: 0x100000000

GC Precious Log:
 CPUs: 8 total, 8 available
 Memory: 32708M
 Large Page Support: Disabled
 NUMA Support: Disabled
 Compressed Oops: Enabled (32-bit)
 Heap Region Size: 1M
 Heap Min Capacity: 8M
 Heap Initial Capacity: 512M
 Heap Max Capacity: 1G
 Pre-touch: Disabled
 Parallel Workers: 8
 Concurrent Workers: 2
 Concurrent Refinement Workers: 8
 Periodic GC: Disabled

Heap:
 garbage-first heap   total 102400K, used 30095K [0x00000000c0000000, 0x0000000100000000)
  region size 1024K, 1 young (1024K), 0 survivors (0K)
 Metaspace       used 52296K, committed 52800K, reserved 1114112K
  class space    used 6625K, committed 6848K, reserved 1048576K

Heap Regions: E=young(eden), S=young(survivor), O=old, HS=humongous(starts), HC=humongous(continues), CS=collection set, F=free, OA=open archive, CA=closed archive, TAMS=top-at-mark-start (previous, next)
|   0|0x00000000c0000000, 0x00000000c0100000, 0x00000000c0100000|100%| O|  |TAMS 0x00000000c0100000, 0x00000000c0000000| Untracked 
|   1|0x00000000c0100000, 0x00000000c0200000, 0x00000000c0200000|100%| O|  |TAMS 0x00000000c0200000, 0x00000000c0100000| Untracked 
|   2|0x00000000c0200000, 0x00000000c0300000, 0x00000000c0300000|100%| O|  |TAMS 0x00000000c0300000, 0x00000000c0200000| Untracked 
|   3|0x00000000c0300000, 0x00000000c0400000, 0x00000000c0400000|100%| O|  |TAMS 0x00000000c0400000, 0x00000000c0300000| Untracked 
|   4|0x00000000c0400000, 0x00000000c0500000, 0x00000000c0500000|100%| O|  |TAMS 0x00000000c0500000, 0x00000000c0400000| Untracked 
|   5|0x00000000c0500000, 0x00000000c05fffb8, 0x00000000c0600000| 99%| O|  |TAMS 0x00000000c05fffb8, 0x00000000c0500000| Untracked 
|   6|0x00000000c0600000, 0x00000000c0700000, 0x00000000c0700000|100%| O|  |TAMS 0x00000000c0700000, 0x00000000c0600000| Untracked 
|   7|0x00000000c0700000, 0x00000000c0800000, 0x00000000c0800000|100%| O|  |TAMS 0x00000000c0800000, 0x00000000c0700000| Untracked 
|   8|0x00000000c0800000, 0x00000000c08fa000, 0x00000000c0900000| 97%| O|  |TAMS 0x00000000c08fa000, 0x00000000c0800000| Untracked 
|   9|0x00000000c0900000, 0x00000000c09fff98, 0x00000000c0a00000| 99%| O|  |TAMS 0x00000000c09fff98, 0x00000000c0900000| Untracked 
|  10|0x00000000c0a00000, 0x00000000c0afffd8, 0x00000000c0b00000| 99%| O|  |TAMS 0x00000000c0afffd8, 0x00000000c0a00000| Untracked 
|  11|0x00000000c0b00000, 0x00000000c0c00000, 0x00000000c0c00000|100%| O|  |TAMS 0x00000000c0c00000, 0x00000000c0b00000| Untracked 
|  12|0x00000000c0c00000, 0x00000000c0cffff0, 0x00000000c0d00000| 99%| O|  |TAMS 0x00000000c0cffff0, 0x00000000c0c00000| Untracked 
|  13|0x00000000c0d00000, 0x00000000c0df54a8, 0x00000000c0e00000| 95%| O|  |TAMS 0x00000000c0df54a8, 0x00000000c0d00000| Untracked 
|  14|0x00000000c0e00000, 0x00000000c0f00000, 0x00000000c0f00000|100%| O|  |TAMS 0x00000000c0f00000, 0x00000000c0e00000| Untracked 
|  15|0x00000000c0f00000, 0x00000000c0fffff8, 0x00000000c1000000| 99%| O|  |TAMS 0x00000000c0fffff8, 0x00000000c0f00000| Untracked 
|  16|0x00000000c1000000, 0x00000000c10ffff8, 0x00000000c1100000| 99%| O|  |TAMS 0x00000000c10ffff8, 0x00000000c1000000| Untracked 
|  17|0x00000000c1100000, 0x00000000c1200000, 0x00000000c1200000|100%| O|  |TAMS 0x00000000c1200000, 0x00000000c1100000| Untracked 
|  18|0x00000000c1200000, 0x00000000c12f3448, 0x00000000c1300000| 95%| O|  |TAMS 0x00000000c12f3448, 0x00000000c1200000| Untracked 
|  19|0x00000000c1300000, 0x00000000c13ffff8, 0x00000000c1400000| 99%| O|  |TAMS 0x00000000c13ffff8, 0x00000000c1300000| Untracked 
|  20|0x00000000c1400000, 0x00000000c14fffc0, 0x00000000c1500000| 99%| O|  |TAMS 0x00000000c14fffc0, 0x00000000c1400000| Untracked 
|  21|0x00000000c1500000, 0x00000000c15f91c8, 0x00000000c1600000| 97%| O|  |TAMS 0x00000000c15f91c8, 0x00000000c1500000| Untracked 
|  22|0x00000000c1600000, 0x00000000c16ffff0, 0x00000000c1700000| 99%| O|  |TAMS 0x00000000c16ffff0, 0x00000000c1600000| Untracked 
|  23|0x00000000c1700000, 0x00000000c179e3f0, 0x00000000c1800000| 61%| O|  |TAMS 0x00000000c1700000, 0x00000000c1700000| Untracked 
|  24|0x00000000c1800000, 0x00000000c18f8ac8, 0x00000000c1900000| 97%| O|  |TAMS 0x00000000c18f8ac8, 0x00000000c1800000| Untracked 
|  25|0x00000000c1900000, 0x00000000c19ebda0, 0x00000000c1a00000| 92%| O|  |TAMS 0x00000000c1900000, 0x00000000c1900000| Untracked 
|  26|0x00000000c1a00000, 0x00000000c1a00000, 0x00000000c1b00000|  0%| F|  |TAMS 0x00000000c1a00000, 0x00000000c1a00000| Untracked 
|  27|0x00000000c1b00000, 0x00000000c1b00000, 0x00000000c1c00000|  0%| F|  |TAMS 0x00000000c1b00000, 0x00000000c1b00000| Untracked 
|  28|0x00000000c1c00000, 0x00000000c1c00000, 0x00000000c1d00000|  0%| F|  |TAMS 0x00000000c1c00000, 0x00000000c1c00000| Untracked 
|  29|0x00000000c1d00000, 0x00000000c1d00000, 0x00000000c1e00000|  0%| F|  |TAMS 0x00000000c1d00000, 0x00000000c1d00000| Untracked 
|  30|0x00000000c1e00000, 0x00000000c1e00000, 0x00000000c1f00000|  0%| F|  |TAMS 0x00000000c1e00000, 0x00000000c1e00000| Untracked 
|  31|0x00000000c1f00000, 0x00000000c1f00000, 0x00000000c2000000|  0%| F|  |TAMS 0x00000000c1f00000, 0x00000000c1f00000| Untracked 
|  32|0x00000000c2000000, 0x00000000c2100000, 0x00000000c2100000|100%|HS|  |TAMS 0x00000000c2100000, 0x00000000c2000000| Untracked 
|  33|0x00000000c2100000, 0x00000000c2100000, 0x00000000c2200000|  0%| F|  |TAMS 0x00000000c2100000, 0x00000000c2100000| Untracked 
|  34|0x00000000c2200000, 0x00000000c2200000, 0x00000000c2300000|  0%| F|  |TAMS 0x00000000c2200000, 0x00000000c2200000| Untracked 
|  35|0x00000000c2300000, 0x00000000c2300000, 0x00000000c2400000|  0%| F|  |TAMS 0x00000000c2300000, 0x00000000c2300000| Untracked 
|  36|0x00000000c2400000, 0x00000000c2400000, 0x00000000c2500000|  0%| F|  |TAMS 0x00000000c2400000, 0x00000000c2400000| Untracked 
|  37|0x00000000c2500000, 0x00000000c2500000, 0x00000000c2600000|  0%| F|  |TAMS 0x00000000c2500000, 0x00000000c2500000| Untracked 
|  38|0x00000000c2600000, 0x00000000c2600000, 0x00000000c2700000|  0%| F|  |TAMS 0x00000000c2600000, 0x00000000c2600000| Untracked 
|  39|0x00000000c2700000, 0x00000000c2700000, 0x00000000c2800000|  0%| F|  |TAMS 0x00000000c2700000, 0x00000000c2700000| Untracked 
|  40|0x00000000c2800000, 0x00000000c2800000, 0x00000000c2900000|  0%| F|  |TAMS 0x00000000c2800000, 0x00000000c2800000| Untracked 
|  41|0x00000000c2900000, 0x00000000c2900000, 0x00000000c2a00000|  0%| F|  |TAMS 0x00000000c2900000, 0x00000000c2900000| Untracked 
|  42|0x00000000c2a00000, 0x00000000c2a00000, 0x00000000c2b00000|  0%| F|  |TAMS 0x00000000c2a00000, 0x00000000c2a00000| Untracked 
|  43|0x00000000c2b00000, 0x00000000c2b00000, 0x00000000c2c00000|  0%| F|  |TAMS 0x00000000c2b00000, 0x00000000c2b00000| Untracked 
|  44|0x00000000c2c00000, 0x00000000c2c00000, 0x00000000c2d00000|  0%| F|  |TAMS 0x00000000c2c00000, 0x00000000c2c00000| Untracked 
|  45|0x00000000c2d00000, 0x00000000c2e00000, 0x00000000c2e00000|100%| O|  |TAMS 0x00000000c2e00000, 0x00000000c2d00000| Untracked 
|  46|0x00000000c2e00000, 0x00000000c2f00000, 0x00000000c2f00000|100%| O|  |TAMS 0x00000000c2f00000, 0x00000000c2e00000| Untracked 
|  47|0x00000000c2f00000, 0x00000000c2f00000, 0x00000000c3000000|  0%| F|  |TAMS 0x00000000c2f00000, 0x00000000c2f00000| Untracked 
|  48|0x00000000c3000000, 0x00000000c3000000, 0x00000000c3100000|  0%| F|  |TAMS 0x00000000c3000000, 0x00000000c3000000| Untracked 
|  49|0x00000000c3100000, 0x00000000c3100000, 0x00000000c3200000|  0%| F|  |TAMS 0x00000000c3100000, 0x00000000c3100000| Untracked 
|  50|0x00000000c3200000, 0x00000000c3200000, 0x00000000c3300000|  0%| F|  |TAMS 0x00000000c3200000, 0x00000000c3200000| Untracked 
|  51|0x00000000c3300000, 0x00000000c3300000, 0x00000000c3400000|  0%| F|  |TAMS 0x00000000c3300000, 0x00000000c3300000| Untracked 
|  52|0x00000000c3400000, 0x00000000c3400000, 0x00000000c3500000|  0%| F|  |TAMS 0x00000000c3400000, 0x00000000c3400000| Untracked 
|  53|0x00000000c3500000, 0x00000000c3500000, 0x00000000c3600000|  0%| F|  |TAMS 0x00000000c3500000, 0x00000000c3500000| Untracked 
|  54|0x00000000c3600000, 0x00000000c3600000, 0x00000000c3700000|  0%| F|  |TAMS 0x00000000c3600000, 0x00000000c3600000| Untracked 
|  55|0x00000000c3700000, 0x00000000c3700000, 0x00000000c3800000|  0%| F|  |TAMS 0x00000000c3700000, 0x00000000c3700000| Untracked 
|  56|0x00000000c3800000, 0x00000000c3800000, 0x00000000c3900000|  0%| F|  |TAMS 0x00000000c3800000, 0x00000000c3800000| Untracked 
|  57|0x00000000c3900000, 0x00000000c3900000, 0x00000000c3a00000|  0%| F|  |TAMS 0x00000000c3900000, 0x00000000c3900000| Untracked 
|  58|0x00000000c3a00000, 0x00000000c3a00000, 0x00000000c3b00000|  0%| F|  |TAMS 0x00000000c3a00000, 0x00000000c3a00000| Untracked 
|  59|0x00000000c3b00000, 0x00000000c3b00000, 0x00000000c3c00000|  0%| F|  |TAMS 0x00000000c3b00000, 0x00000000c3b00000| Untracked 
|  60|0x00000000c3c00000, 0x00000000c3c00000, 0x00000000c3d00000|  0%| F|  |TAMS 0x00000000c3c00000, 0x00000000c3c00000| Untracked 
|  61|0x00000000c3d00000, 0x00000000c3d00000, 0x00000000c3e00000|  0%| F|  |TAMS 0x00000000c3d00000, 0x00000000c3d00000| Untracked 
|  62|0x00000000c3e00000, 0x00000000c3e00000, 0x00000000c3f00000|  0%| F|  |TAMS 0x00000000c3e00000, 0x00000000c3e00000| Untracked 
|  63|0x00000000c3f00000, 0x00000000c3f00000, 0x00000000c4000000|  0%| F|  |TAMS 0x00000000c3f00000, 0x00000000c3f00000| Untracked 
|  64|0x00000000c4000000, 0x00000000c4000000, 0x00000000c4100000|  0%| F|  |TAMS 0x00000000c4000000, 0x00000000c4000000| Untracked 
|  65|0x00000000c4100000, 0x00000000c4100000, 0x00000000c4200000|  0%| F|  |TAMS 0x00000000c4100000, 0x00000000c4100000| Untracked 
|  66|0x00000000c4200000, 0x00000000c4200000, 0x00000000c4300000|  0%| F|  |TAMS 0x00000000c4200000, 0x00000000c4200000| Untracked 
|  67|0x00000000c4300000, 0x00000000c4300000, 0x00000000c4400000|  0%| F|  |TAMS 0x00000000c4300000, 0x00000000c4300000| Untracked 
|  68|0x00000000c4400000, 0x00000000c4400000, 0x00000000c4500000|  0%| F|  |TAMS 0x00000000c4400000, 0x00000000c4400000| Untracked 
|  69|0x00000000c4500000, 0x00000000c4500000, 0x00000000c4600000|  0%| F|  |TAMS 0x00000000c4500000, 0x00000000c4500000| Untracked 
|  70|0x00000000c4600000, 0x00000000c4600000, 0x00000000c4700000|  0%| F|  |TAMS 0x00000000c4600000, 0x00000000c4600000| Untracked 
|  71|0x00000000c4700000, 0x00000000c4700000, 0x00000000c4800000|  0%| F|  |TAMS 0x00000000c4700000, 0x00000000c4700000| Untracked 
|  72|0x00000000c4800000, 0x00000000c4800000, 0x00000000c4900000|  0%| F|  |TAMS 0x00000000c4800000, 0x00000000c4800000| Untracked 
|  73|0x00000000c4900000, 0x00000000c4900000, 0x00000000c4a00000|  0%| F|  |TAMS 0x00000000c4900000, 0x00000000c4900000| Untracked 
|  74|0x00000000c4a00000, 0x00000000c4a00000, 0x00000000c4b00000|  0%| F|  |TAMS 0x00000000c4a00000, 0x00000000c4a00000| Untracked 
|  75|0x00000000c4b00000, 0x00000000c4b00000, 0x00000000c4c00000|  0%| F|  |TAMS 0x00000000c4b00000, 0x00000000c4b00000| Untracked 
|  76|0x00000000c4c00000, 0x00000000c4c00000, 0x00000000c4d00000|  0%| F|  |TAMS 0x00000000c4c00000, 0x00000000c4c00000| Untracked 
|  77|0x00000000c4d00000, 0x00000000c4d00000, 0x00000000c4e00000|  0%| F|  |TAMS 0x00000000c4d00000, 0x00000000c4d00000| Untracked 
|  78|0x00000000c4e00000, 0x00000000c4e00000, 0x00000000c4f00000|  0%| F|  |TAMS 0x00000000c4e00000, 0x00000000c4e00000| Untracked 
|  79|0x00000000c4f00000, 0x00000000c4f00000, 0x00000000c5000000|  0%| F|  |TAMS 0x00000000c4f00000, 0x00000000c4f00000| Untracked 
|  80|0x00000000c5000000, 0x00000000c5000000, 0x00000000c5100000|  0%| F|  |TAMS 0x00000000c5000000, 0x00000000c5000000| Untracked 
|  81|0x00000000c5100000, 0x00000000c5100000, 0x00000000c5200000|  0%| F|  |TAMS 0x00000000c5100000, 0x00000000c5100000| Untracked 
|  82|0x00000000c5200000, 0x00000000c5200000, 0x00000000c5300000|  0%| F|  |TAMS 0x00000000c5200000, 0x00000000c5200000| Untracked 
|  83|0x00000000c5300000, 0x00000000c5300000, 0x00000000c5400000|  0%| F|  |TAMS 0x00000000c5300000, 0x00000000c5300000| Untracked 
|  84|0x00000000c5400000, 0x00000000c5400000, 0x00000000c5500000|  0%| F|  |TAMS 0x00000000c5400000, 0x00000000c5400000| Untracked 
|  85|0x00000000c5500000, 0x00000000c5500000, 0x00000000c5600000|  0%| F|  |TAMS 0x00000000c5500000, 0x00000000c5500000| Untracked 
|  86|0x00000000c5600000, 0x00000000c5600000, 0x00000000c5700000|  0%| F|  |TAMS 0x00000000c5600000, 0x00000000c5600000| Untracked 
|  87|0x00000000c5700000, 0x00000000c5700000, 0x00000000c5800000|  0%| F|  |TAMS 0x00000000c5700000, 0x00000000c5700000| Untracked 
|  88|0x00000000c5800000, 0x00000000c5800000, 0x00000000c5900000|  0%| F|  |TAMS 0x00000000c5800000, 0x00000000c5800000| Untracked 
|  89|0x00000000c5900000, 0x00000000c5900000, 0x00000000c5a00000|  0%| F|  |TAMS 0x00000000c5900000, 0x00000000c5900000| Untracked 
|  90|0x00000000c5a00000, 0x00000000c5a00000, 0x00000000c5b00000|  0%| F|  |TAMS 0x00000000c5a00000, 0x00000000c5a00000| Untracked 
|  91|0x00000000c5b00000, 0x00000000c5b00000, 0x00000000c5c00000|  0%| F|  |TAMS 0x00000000c5b00000, 0x00000000c5b00000| Untracked 
|  92|0x00000000c5c00000, 0x00000000c5c00000, 0x00000000c5d00000|  0%| F|  |TAMS 0x00000000c5c00000, 0x00000000c5c00000| Untracked 
|  93|0x00000000c5d00000, 0x00000000c5d00000, 0x00000000c5e00000|  0%| F|  |TAMS 0x00000000c5d00000, 0x00000000c5d00000| Untracked 
|  94|0x00000000c5e00000, 0x00000000c5e00000, 0x00000000c5f00000|  0%| F|  |TAMS 0x00000000c5e00000, 0x00000000c5e00000| Untracked 
|  95|0x00000000c5f00000, 0x00000000c5f00000, 0x00000000c6000000|  0%| F|  |TAMS 0x00000000c5f00000, 0x00000000c5f00000| Untracked 
|  96|0x00000000c6000000, 0x00000000c6000000, 0x00000000c6100000|  0%| F|  |TAMS 0x00000000c6000000, 0x00000000c6000000| Untracked 
|  97|0x00000000c6100000, 0x00000000c6100000, 0x00000000c6200000|  0%| F|  |TAMS 0x00000000c6100000, 0x00000000c6100000| Untracked 
|  98|0x00000000c6200000, 0x00000000c62058a8, 0x00000000c6300000|  2%| E|  |TAMS 0x00000000c6200000, 0x00000000c6200000| Complete 
| 285|0x00000000d1d00000, 0x00000000d1e00000, 0x00000000d1e00000|100%| O|  |TAMS 0x00000000d1e00000, 0x00000000d1d00000| Untracked 

Card table byte_map: [0x0000025bfcb00000,0x0000025bfcd00000] _byte_map_base: 0x0000025bfc500000

Marking Bits (Prev, Next): (CMBitMap*) 0x0000025bf9774830, (CMBitMap*) 0x0000025bf9774870
 Prev Bits: [0x0000025bfcf00000, 0x0000025bfdf00000)
 Next Bits: [0x0000025bfdf00000, 0x0000025bfef00000)

Polling page: 0x0000025bf7720000

Metaspace:

Usage:
  Non-class:     44.60 MB used.
      Class:      6.47 MB used.
       Both:     51.07 MB used.

Virtual space:
  Non-class space:       64.00 MB reserved,      44.88 MB ( 70%) committed,  1 nodes.
      Class space:        1.00 GB reserved,       6.69 MB ( <1%) committed,  1 nodes.
             Both:        1.06 GB reserved,      51.56 MB (  5%) committed. 

Chunk freelists:
   Non-Class:  2.24 MB
       Class:  9.32 MB
        Both:  11.57 MB

MaxMetaspaceSize: unlimited
CompressedClassSpaceSize: 1.00 GB
Initial GC threshold: 21.00 MB
Current GC threshold: 85.75 MB
CDS: on
MetaspaceReclaimPolicy: balanced
 - commit_granule_bytes: 65536.
 - commit_granule_words: 8192.
 - virtual_space_node_default_size: 8388608.
 - enlarge_chunks_in_place: 1.
 - new_chunks_are_fully_committed: 0.
 - uncommit_free_chunks: 1.
 - use_allocation_guard: 0.
 - handle_deallocations: 1.


Internal statistics:

num_allocs_failed_limit: 6.
num_arena_births: 854.
num_arena_deaths: 352.
num_vsnodes_births: 2.
num_vsnodes_deaths: 0.
num_space_committed: 825.
num_space_uncommitted: 0.
num_chunks_returned_to_freelist: 434.
num_chunks_taken_from_freelist: 2925.
num_chunk_merges: 128.
num_chunk_splits: 1878.
num_chunks_enlarged: 1377.
num_inconsistent_stats: 0.

CodeCache: size=49152Kb used=12437Kb max_used=13229Kb free=36714Kb
 bounds [0x0000025bf97f0000, 0x0000025bfa540000, 0x0000025bfc7f0000]
 total_blobs=7547 nmethods=6877 adapters=597
 compilation: enabled
              stopped_count=0, restarted_count=0
 full_count=0

Compilation events (20 events):
Event: 934.993 Thread 0x0000025bff9dba90 6867       1       org.eclipse.jdt.internal.compiler.lookup.LookupEnvironment::annotateType (151 bytes)
Event: 934.993 Thread 0x0000025bff9dba90 nmethod 6867 0x0000025bfa31b690 code [0x0000025bfa31b8c0, 0x0000025bfa31be58]
Event: 1023.012 Thread 0x0000025bff9dba90 6868       1       java.io.FileDescriptor$1::setHandle (6 bytes)
Event: 1023.012 Thread 0x0000025bff9dba90 nmethod 6868 0x0000025bfa31b310 code [0x0000025bfa31b4a0, 0x0000025bfa31b5e8]
Event: 1023.013 Thread 0x0000025bff9dba90 6869       1       java.io.FileDescriptor$1::registerCleanup (5 bytes)
Event: 1023.013 Thread 0x0000025bff9dba90 nmethod 6869 0x0000025bfa31b010 code [0x0000025bfa31b1a0, 0x0000025bfa31b288]
Event: 1287.284 Thread 0x0000025bff9dba90 6871       1       java.util.concurrent.Executors$RunnableAdapter::call (14 bytes)
Event: 1287.285 Thread 0x0000025bff9dba90 nmethod 6871 0x0000025bfa31a910 code [0x0000025bfa31aaa0, 0x0000025bfa31aba8]
Event: 1293.374 Thread 0x0000025bff9dba90 6872   !   1       java.util.concurrent.FutureTask::runAndReset (125 bytes)
Event: 1293.375 Thread 0x0000025bff9dba90 nmethod 6872 0x0000025bfa319810 code [0x0000025bfa319a80, 0x0000025bfa31a3f8]
Event: 1293.375 Thread 0x0000025bff9dba90 6873       1       java.util.concurrent.ScheduledThreadPoolExecutor$ScheduledFutureTask::setNextRunTime (38 bytes)
Event: 1293.375 Thread 0x0000025bff9dba90 nmethod 6873 0x0000025bfa319390 code [0x0000025bfa319540, 0x0000025bfa319728]
Event: 1293.375 Thread 0x0000025bff9dba90 6874       1       java.util.concurrent.ScheduledThreadPoolExecutor::reExecutePeriodic (49 bytes)
Event: 1293.376 Thread 0x0000025bff9dba90 nmethod 6874 0x0000025bfa318d90 code [0x0000025bfa318f80, 0x0000025bfa3191e8]
Event: 1297.451 Thread 0x0000025bff9dba90 6875       1       org.springframework.ide.vscode.commons.languageserver.util.SimpleLanguageServer::getParentProcessId (5 bytes)
Event: 1297.451 Thread 0x0000025bff9dba90 nmethod 6875 0x0000025bfa318a90 code [0x0000025bfa318c20, 0x0000025bfa318cf8]
Event: 1327.941 Thread 0x0000025bff9dba90 6876       1       org.springframework.ide.vscode.commons.languageserver.util.ParentProcessWatcher::isWindows (30 bytes)
Event: 1327.942 Thread 0x0000025bff9dba90 nmethod 6876 0x0000025bfa318210 code [0x0000025bfa318440, 0x0000025bfa3187e8]
Event: 1328.068 Thread 0x0000025bff9dba90 6877   !   1       com.google.common.io.Closeables::close (37 bytes)
Event: 1328.095 Thread 0x0000025bff9dba90 nmethod 6877 0x0000025bfa317a90 code [0x0000025bfa317c80, 0x0000025bfa318028]

GC Heap History (20 events):
Event: 1277.284 GC heap after
{Heap after GC invocations=125 (full 81):
 garbage-first heap   total 102400K, used 30073K [0x00000000c0000000, 0x0000000100000000)
  region size 1024K, 0 young (0K), 0 survivors (0K)
 Metaspace       used 52296K, committed 52800K, reserved 1114112K
  class space    used 6625K, committed 6848K, reserved 1048576K
}
Event: 1287.413 GC heap before
{Heap before GC invocations=125 (full 81):
 garbage-first heap   total 102400K, used 30073K [0x00000000c0000000, 0x0000000100000000)
  region size 1024K, 1 young (1024K), 0 survivors (0K)
 Metaspace       used 52296K, committed 52800K, reserved 1114112K
  class space    used 6625K, committed 6848K, reserved 1048576K
}
Event: 1287.440 GC heap after
{Heap after GC invocations=126 (full 82):
 garbage-first heap   total 102400K, used 30073K [0x00000000c0000000, 0x0000000100000000)
  region size 1024K, 0 young (0K), 0 survivors (0K)
 Metaspace       used 52296K, committed 52800K, reserved 1114112K
  class space    used 6625K, committed 6848K, reserved 1048576K
}
Event: 1297.584 GC heap before
{Heap before GC invocations=126 (full 82):
 garbage-first heap   total 102400K, used 30073K [0x00000000c0000000, 0x0000000100000000)
  region size 1024K, 1 young (1024K), 0 survivors (0K)
 Metaspace       used 52296K, committed 52800K, reserved 1114112K
  class space    used 6625K, committed 6848K, reserved 1048576K
}
Event: 1297.615 GC heap after
{Heap after GC invocations=127 (full 83):
 garbage-first heap   total 102400K, used 30073K [0x00000000c0000000, 0x0000000100000000)
  region size 1024K, 0 young (0K), 0 survivors (0K)
 Metaspace       used 52296K, committed 52800K, reserved 1114112K
  class space    used 6625K, committed 6848K, reserved 1048576K
}
Event: 1307.750 GC heap before
{Heap before GC invocations=127 (full 83):
 garbage-first heap   total 102400K, used 30073K [0x00000000c0000000, 0x0000000100000000)
  region size 1024K, 1 young (1024K), 0 survivors (0K)
 Metaspace       used 52296K, committed 52800K, reserved 1114112K
  class space    used 6625K, committed 6848K, reserved 1048576K
}
Event: 1307.775 GC heap after
{Heap after GC invocations=128 (full 84):
 garbage-first heap   total 102400K, used 30073K [0x00000000c0000000, 0x0000000100000000)
  region size 1024K, 0 young (0K), 0 survivors (0K)
 Metaspace       used 52296K, committed 52800K, reserved 1114112K
  class space    used 6625K, committed 6848K, reserved 1048576K
}
Event: 1317.910 GC heap before
{Heap before GC invocations=128 (full 84):
 garbage-first heap   total 102400K, used 30073K [0x00000000c0000000, 0x0000000100000000)
  region size 1024K, 1 young (1024K), 0 survivors (0K)
 Metaspace       used 52296K, committed 52800K, reserved 1114112K
  class space    used 6625K, committed 6848K, reserved 1048576K
}
Event: 1317.937 GC heap after
{Heap after GC invocations=129 (full 85):
 garbage-first heap   total 102400K, used 30073K [0x00000000c0000000, 0x0000000100000000)
  region size 1024K, 0 young (0K), 0 survivors (0K)
 Metaspace       used 52296K, committed 52800K, reserved 1114112K
  class space    used 6625K, committed 6848K, reserved 1048576K
}
Event: 1328.068 GC heap before
{Heap before GC invocations=129 (full 85):
 garbage-first heap   total 102400K, used 30073K [0x00000000c0000000, 0x0000000100000000)
  region size 1024K, 1 young (1024K), 0 survivors (0K)
 Metaspace       used 52296K, committed 52800K, reserved 1114112K
  class space    used 6625K, committed 6848K, reserved 1048576K
}
Event: 1328.095 GC heap after
{Heap after GC invocations=130 (full 86):
 garbage-first heap   total 102400K, used 30073K [0x00000000c0000000, 0x0000000100000000)
  region size 1024K, 0 young (0K), 0 survivors (0K)
 Metaspace       used 52296K, committed 52800K, reserved 1114112K
  class space    used 6625K, committed 6848K, reserved 1048576K
}
Event: 1338.229 GC heap before
{Heap before GC invocations=130 (full 86):
 garbage-first heap   total 102400K, used 30073K [0x00000000c0000000, 0x0000000100000000)
  region size 1024K, 1 young (1024K), 0 survivors (0K)
 Metaspace       used 52296K, committed 52800K, reserved 1114112K
  class space    used 6625K, committed 6848K, reserved 1048576K
}
Event: 1338.262 GC heap after
{Heap after GC invocations=131 (full 87):
 garbage-first heap   total 102400K, used 30073K [0x00000000c0000000, 0x0000000100000000)
  region size 1024K, 0 young (0K), 0 survivors (0K)
 Metaspace       used 52296K, committed 52800K, reserved 1114112K
  class space    used 6625K, committed 6848K, reserved 1048576K
}
Event: 1348.400 GC heap before
{Heap before GC invocations=131 (full 87):
 garbage-first heap   total 102400K, used 30073K [0x00000000c0000000, 0x0000000100000000)
  region size 1024K, 1 young (1024K), 0 survivors (0K)
 Metaspace       used 52296K, committed 52800K, reserved 1114112K
  class space    used 6625K, committed 6848K, reserved 1048576K
}
Event: 1348.426 GC heap after
{Heap after GC invocations=132 (full 88):
 garbage-first heap   total 102400K, used 30073K [0x00000000c0000000, 0x0000000100000000)
  region size 1024K, 0 young (0K), 0 survivors (0K)
 Metaspace       used 52296K, committed 52800K, reserved 1114112K
  class space    used 6625K, committed 6848K, reserved 1048576K
}
Event: 1358.558 GC heap before
{Heap before GC invocations=132 (full 88):
 garbage-first heap   total 102400K, used 30073K [0x00000000c0000000, 0x0000000100000000)
  region size 1024K, 1 young (1024K), 0 survivors (0K)
 Metaspace       used 52296K, committed 52800K, reserved 1114112K
  class space    used 6625K, committed 6848K, reserved 1048576K
}
Event: 1358.585 GC heap after
{Heap after GC invocations=133 (full 89):
 garbage-first heap   total 102400K, used 30073K [0x00000000c0000000, 0x0000000100000000)
  region size 1024K, 0 young (0K), 0 survivors (0K)
 Metaspace       used 52296K, committed 52800K, reserved 1114112K
  class space    used 6625K, committed 6848K, reserved 1048576K
}
Event: 1368.721 GC heap before
{Heap before GC invocations=133 (full 89):
 garbage-first heap   total 102400K, used 30073K [0x00000000c0000000, 0x0000000100000000)
  region size 1024K, 1 young (1024K), 0 survivors (0K)
 Metaspace       used 52296K, committed 52800K, reserved 1114112K
  class space    used 6625K, committed 6848K, reserved 1048576K
}
Event: 1368.748 GC heap after
{Heap after GC invocations=134 (full 90):
 garbage-first heap   total 102400K, used 30073K [0x00000000c0000000, 0x0000000100000000)
  region size 1024K, 0 young (0K), 0 survivors (0K)
 Metaspace       used 52296K, committed 52800K, reserved 1114112K
  class space    used 6625K, committed 6848K, reserved 1048576K
}
Event: 1378.883 GC heap before
{Heap before GC invocations=134 (full 90):
 garbage-first heap   total 102400K, used 30073K [0x00000000c0000000, 0x0000000100000000)
  region size 1024K, 1 young (1024K), 0 survivors (0K)
 Metaspace       used 52296K, committed 52800K, reserved 1114112K
  class space    used 6625K, committed 6848K, reserved 1048576K
}

Dll operation events (10 events):
Event: 0.008 Loaded shared library c:\Users\Thiago\AppData\Roaming\Code\User\globalStorage\pleiades.java-extension-pack-jdk\java\17\bin\java.dll
Event: 0.035 Loaded shared library c:\Users\Thiago\AppData\Roaming\Code\User\globalStorage\pleiades.java-extension-pack-jdk\java\17\bin\jsvml.dll
Event: 0.276 Loaded shared library C:\Users\Thiago\AppData\Roaming\Code\User\globalStorage\pleiades.java-extension-pack-jdk\java\17\bin\net.dll
Event: 0.278 Loaded shared library C:\Users\Thiago\AppData\Roaming\Code\User\globalStorage\pleiades.java-extension-pack-jdk\java\17\bin\nio.dll
Event: 0.281 Loaded shared library C:\Users\Thiago\AppData\Roaming\Code\User\globalStorage\pleiades.java-extension-pack-jdk\java\17\bin\zip.dll
Event: 0.469 Loaded shared library C:\Users\Thiago\AppData\Roaming\Code\User\globalStorage\pleiades.java-extension-pack-jdk\java\17\bin\jimage.dll
Event: 3.123 Loaded shared library c:\Users\Thiago\AppData\Roaming\Code\User\globalStorage\pleiades.java-extension-pack-jdk\java\17\bin\verify.dll
Event: 3.426 Loaded shared library C:\Users\Thiago\AppData\Roaming\Code\User\globalStorage\pleiades.java-extension-pack-jdk\java\17\bin\management.dll
Event: 3.429 Loaded shared library C:\Users\Thiago\AppData\Roaming\Code\User\globalStorage\pleiades.java-extension-pack-jdk\java\17\bin\management_ext.dll
Event: 4.368 Loaded shared library C:\Users\Thiago\AppData\Roaming\Code\User\globalStorage\pleiades.java-extension-pack-jdk\java\17\bin\sunmscapi.dll

Deoptimization events (20 events):
Event: 314.031 Thread 0x0000025bd01a16a0 DEOPT PACKING pc=0x0000025bf9e806d4 sp=0x0000009a24bfed60
Event: 314.031 Thread 0x0000025bd01a16a0 DEOPT UNPACKING pc=0x0000025bf9847143 sp=0x0000009a24bfe208 mode 0
Event: 314.775 Thread 0x0000025bd0631f50 DEOPT PACKING pc=0x0000025bf995b21d sp=0x0000009a246fd860
Event: 314.775 Thread 0x0000025bd0631f50 DEOPT UNPACKING pc=0x0000025bf9847143 sp=0x0000009a246fcde0 mode 3
Event: 802.582 Thread 0x0000025bd0018f90 DEOPT PACKING pc=0x0000025bf9904a44 sp=0x0000009a251fe590
Event: 802.582 Thread 0x0000025bd0018f90 DEOPT UNPACKING pc=0x0000025bf9847143 sp=0x0000009a251fdaf8 mode 0
Event: 802.582 Thread 0x0000025bd0018f90 DEOPT PACKING pc=0x0000025bf9c8d954 sp=0x0000009a251fe6c0
Event: 802.582 Thread 0x0000025bd0018f90 DEOPT UNPACKING pc=0x0000025bf9847143 sp=0x0000009a251fdba0 mode 0
Event: 802.582 Thread 0x0000025bd0018f90 DEOPT PACKING pc=0x0000025bf9904a44 sp=0x0000009a251fe7f0
Event: 802.582 Thread 0x0000025bd0018f90 DEOPT UNPACKING pc=0x0000025bf9847143 sp=0x0000009a251fdd58 mode 0
Event: 802.582 Thread 0x0000025bd0018f90 DEOPT PACKING pc=0x0000025bf9c8d954 sp=0x0000009a251fe920
Event: 802.582 Thread 0x0000025bd0018f90 DEOPT UNPACKING pc=0x0000025bf9847143 sp=0x0000009a251fde18 mode 0
Event: 802.582 Thread 0x0000025bd0018f90 DEOPT PACKING pc=0x0000025bf9904a44 sp=0x0000009a251fec90
Event: 802.582 Thread 0x0000025bd0018f90 DEOPT UNPACKING pc=0x0000025bf9847143 sp=0x0000009a251fe1f8 mode 0
Event: 802.582 Thread 0x0000025bd0018f90 DEOPT PACKING pc=0x0000025bf9c8d954 sp=0x0000009a251fedc0
Event: 802.582 Thread 0x0000025bd0018f90 DEOPT UNPACKING pc=0x0000025bf9847143 sp=0x0000009a251fe2b8 mode 0
Event: 917.664 Thread 0x0000025bd062f6d0 DEOPT PACKING pc=0x0000025bfa35f94f sp=0x0000009a228fd1a0
Event: 917.664 Thread 0x0000025bd062f6d0 DEOPT UNPACKING pc=0x0000025bf9847143 sp=0x0000009a228fc690 mode 3
Event: 918.630 Thread 0x0000025bd0636120 DEOPT PACKING pc=0x0000025bfa350736 sp=0x0000009a256fd900
Event: 918.630 Thread 0x0000025bd0636120 DEOPT UNPACKING pc=0x0000025bf9847143 sp=0x0000009a256fcdf8 mode 3

Classes unloaded (20 events):
Event: 903.440 Thread 0x0000025bff9c0320 Unloading class 0x0000025b8b696400 'java/lang/invoke/LambdaForm$MH+0x0000025b8b696400'
Event: 903.440 Thread 0x0000025bff9c0320 Unloading class 0x0000025b8b696000 'java/lang/invoke/LambdaForm$MH+0x0000025b8b696000'
Event: 903.440 Thread 0x0000025bff9c0320 Unloading class 0x0000025b8b695c00 'java/lang/invoke/LambdaForm$MH+0x0000025b8b695c00'
Event: 903.440 Thread 0x0000025bff9c0320 Unloading class 0x0000025b8b695800 'java/lang/invoke/LambdaForm$MH+0x0000025b8b695800'
Event: 903.440 Thread 0x0000025bff9c0320 Unloading class 0x0000025b8b695400 'java/lang/invoke/LambdaForm$MH+0x0000025b8b695400'
Event: 903.440 Thread 0x0000025bff9c0320 Unloading class 0x0000025b8b695000 'java/lang/invoke/LambdaForm$MH+0x0000025b8b695000'
Event: 932.887 Thread 0x0000025bff9c0320 Unloading class 0x0000025b8b6a8c00 'java/lang/invoke/LambdaForm$MH+0x0000025b8b6a8c00'
Event: 932.887 Thread 0x0000025bff9c0320 Unloading class 0x0000025b8b6a8800 'java/lang/invoke/LambdaForm$MH+0x0000025b8b6a8800'
Event: 932.887 Thread 0x0000025bff9c0320 Unloading class 0x0000025b8b6a8400 'java/lang/invoke/LambdaForm$MH+0x0000025b8b6a8400'
Event: 932.887 Thread 0x0000025bff9c0320 Unloading class 0x0000025b8b6a2400 'java/lang/invoke/LambdaForm$MH+0x0000025b8b6a2400'
Event: 932.887 Thread 0x0000025bff9c0320 Unloading class 0x0000025b8b6a2000 'java/lang/invoke/LambdaForm$MH+0x0000025b8b6a2000'
Event: 932.887 Thread 0x0000025bff9c0320 Unloading class 0x0000025b8b6a1c00 'java/lang/invoke/LambdaForm$MH+0x0000025b8b6a1c00'
Event: 932.887 Thread 0x0000025bff9c0320 Unloading class 0x0000025b8b6a1800 'java/lang/invoke/LambdaForm$MH+0x0000025b8b6a1800'
Event: 1023.152 Thread 0x0000025bff9c0320 Unloading class 0x0000025b8b6aac00 'jdk/internal/reflect/GeneratedMethodAccessor19'
Event: 1023.152 Thread 0x0000025bff9c0320 Unloading class 0x0000025b8b6aa800 'jdk/internal/reflect/GeneratedConstructorAccessor55'
Event: 1023.152 Thread 0x0000025bff9c0320 Unloading class 0x0000025b8b6aa400 'jdk/internal/reflect/GeneratedMethodAccessor18'
Event: 1023.152 Thread 0x0000025bff9c0320 Unloading class 0x0000025b8b6aa000 'jdk/internal/reflect/GeneratedConstructorAccessor54'
Event: 1023.152 Thread 0x0000025bff9c0320 Unloading class 0x0000025b8b6a9c00 'jdk/internal/reflect/GeneratedMethodAccessor17'
Event: 1023.152 Thread 0x0000025bff9c0320 Unloading class 0x0000025b8b6a9800 'jdk/internal/reflect/GeneratedMethodAccessor16'
Event: 1023.152 Thread 0x0000025bff9c0320 Unloading class 0x0000025b8b6a9400 'jdk/internal/reflect/GeneratedMethodAccessor15'

Classes redefined (0 events):
No events

Internal exceptions (20 events):
Event: 932.865 Thread 0x0000025bd0631f50 Exception <a 'sun/nio/fs/WindowsException'{0x00000000c3db2508}> (0x00000000c3db2508) 
thrown [s\src\hotspot\share\prims\jni.cpp, line 516]
Event: 932.865 Thread 0x0000025bd0631f50 Exception <a 'sun/nio/fs/WindowsException'{0x00000000c3db2938}> (0x00000000c3db2938) 
thrown [s\src\hotspot\share\prims\jni.cpp, line 516]
Event: 932.865 Thread 0x0000025bd0631f50 Exception <a 'sun/nio/fs/WindowsException'{0x00000000c3dbaa30}> (0x00000000c3dbaa30) 
thrown [s\src\hotspot\share\prims\jni.cpp, line 516]
Event: 932.865 Thread 0x0000025bd0631f50 Exception <a 'sun/nio/fs/WindowsException'{0x00000000c3dbb2b0}> (0x00000000c3dbb2b0) 
thrown [s\src\hotspot\share\prims\jni.cpp, line 516]
Event: 932.865 Thread 0x0000025bd0631f50 Exception <a 'sun/nio/fs/WindowsException'{0x00000000c3dbb700}> (0x00000000c3dbb700) 
thrown [s\src\hotspot\share\prims\jni.cpp, line 516]
Event: 932.865 Thread 0x0000025bd0631f50 Exception <a 'sun/nio/fs/WindowsException'{0x00000000c3dbc6f8}> (0x00000000c3dbc6f8) 
thrown [s\src\hotspot\share\prims\jni.cpp, line 516]
Event: 932.865 Thread 0x0000025bd0631f50 Exception <a 'sun/nio/fs/WindowsException'{0x00000000c3dbcb88}> (0x00000000c3dbcb88) 
thrown [s\src\hotspot\share\prims\jni.cpp, line 516]
Event: 932.866 Thread 0x0000025bd0631f50 Exception <a 'sun/nio/fs/WindowsException'{0x00000000c3dbd938}> (0x00000000c3dbd938) 
thrown [s\src\hotspot\share\prims\jni.cpp, line 516]
Event: 932.866 Thread 0x0000025bd0631f50 Exception <a 'sun/nio/fs/WindowsException'{0x00000000c3dbe1b8}> (0x00000000c3dbe1b8) 
thrown [s\src\hotspot\share\prims\jni.cpp, line 516]
Event: 932.866 Thread 0x0000025bd0631f50 Exception <a 'sun/nio/fs/WindowsException'{0x00000000c3dbe608}> (0x00000000c3dbe608) 
thrown [s\src\hotspot\share\prims\jni.cpp, line 516]
Event: 932.866 Thread 0x0000025bd0631f50 Exception <a 'sun/nio/fs/WindowsException'{0x00000000c3dbf600}> (0x00000000c3dbf600) 
thrown [s\src\hotspot\share\prims\jni.cpp, line 516]
Event: 932.866 Thread 0x0000025bd0631f50 Exception <a 'sun/nio/fs/WindowsException'{0x00000000c3dbfa90}> (0x00000000c3dbfa90) 
thrown [s\src\hotspot\share\prims\jni.cpp, line 516]
Event: 932.949 Thread 0x0000025bd0631f50 Exception <a 'sun/nio/fs/WindowsException'{0x00000000c4894ac8}> (0x00000000c4894ac8) 
thrown [s\src\hotspot\share\prims\jni.cpp, line 516]
Event: 932.949 Thread 0x0000025bd0631f50 Exception <a 'sun/nio/fs/WindowsException'{0x00000000c4895308}> (0x00000000c4895308) 
thrown [s\src\hotspot\share\prims\jni.cpp, line 516]
Event: 932.949 Thread 0x0000025bd0631f50 Exception <a 'sun/nio/fs/WindowsException'{0x00000000c4895738}> (0x00000000c4895738) 
thrown [s\src\hotspot\share\prims\jni.cpp, line 516]
Event: 932.949 Thread 0x0000025bd0631f50 Exception <a 'sun/nio/fs/WindowsException'{0x00000000c489d830}> (0x00000000c489d830) 
thrown [s\src\hotspot\share\prims\jni.cpp, line 516]
Event: 932.949 Thread 0x0000025bd0631f50 Exception <a 'sun/nio/fs/WindowsException'{0x00000000c489e0b0}> (0x00000000c489e0b0) 
thrown [s\src\hotspot\share\prims\jni.cpp, line 516]
Event: 932.950 Thread 0x0000025bd0631f50 Exception <a 'sun/nio/fs/WindowsException'{0x00000000c489e500}> (0x00000000c489e500) 
thrown [s\src\hotspot\share\prims\jni.cpp, line 516]
Event: 932.950 Thread 0x0000025bd0631f50 Exception <a 'sun/nio/fs/WindowsException'{0x00000000c489f4f8}> (0x00000000c489f4f8) 
thrown [s\src\hotspot\share\prims\jni.cpp, line 516]
Event: 932.950 Thread 0x0000025bd0631f50 Exception <a 'sun/nio/fs/WindowsException'{0x00000000c489f988}> (0x00000000c489f988) 
thrown [s\src\hotspot\share\prims\jni.cpp, line 516]

VM Operations (20 events):
Event: 1293.499 Executing VM operation: Cleanup done
Event: 1297.530 Executing VM operation: Cleanup
Event: 1297.530 Executing VM operation: Cleanup done
Event: 1297.584 Executing VM operation: G1CollectFull
Event: 1297.615 Executing VM operation: G1CollectFull done
Event: 1307.750 Executing VM operation: G1CollectFull
Event: 1307.775 Executing VM operation: G1CollectFull done
Event: 1317.910 Executing VM operation: G1CollectFull
Event: 1317.937 Executing VM operation: G1CollectFull done
Event: 1328.068 Executing VM operation: G1CollectFull
Event: 1328.095 Executing VM operation: G1CollectFull done
Event: 1338.229 Executing VM operation: G1CollectFull
Event: 1338.263 Executing VM operation: G1CollectFull done
Event: 1348.400 Executing VM operation: G1CollectFull
Event: 1348.426 Executing VM operation: G1CollectFull done
Event: 1358.558 Executing VM operation: G1CollectFull
Event: 1358.585 Executing VM operation: G1CollectFull done
Event: 1368.721 Executing VM operation: G1CollectFull
Event: 1368.748 Executing VM operation: G1CollectFull done
Event: 1378.883 Executing VM operation: G1CollectFull

Events (20 events):
Event: 889.581 loading class java/util/stream/Nodes$IntArrayNode done
Event: 889.581 loading class java/util/stream/Nodes$IntFixedNodeBuilder done
Event: 889.581 loading class java/util/stream/ReferencePipeline$4$1
Event: 889.581 loading class java/util/stream/ReferencePipeline$4$1 done
Event: 890.274 Thread 0x0000025bcf7ac030 Thread exited: 0x0000025bcf7ac030
Event: 890.274 Thread 0x0000025bcf7aa050 Thread exited: 0x0000025bcf7aa050
Event: 890.689 Thread 0x0000025bd0636120 Thread added: 0x0000025bd0636120
Event: 896.627 Thread 0x0000025bcf7aa5a0 Thread exited: 0x0000025bcf7aa5a0
Event: 904.328 Thread 0x0000025bd0630b10 Thread added: 0x0000025bd0630b10
Event: 914.609 Thread 0x0000025bcf7ac030 Thread added: 0x0000025bcf7ac030
Event: 914.609 Thread 0x0000025bcf7aa5a0 Thread added: 0x0000025bcf7aa5a0
Event: 914.920 loading class java/util/concurrent/CompletionException
Event: 914.920 loading class java/util/concurrent/CompletionException done
Event: 917.255 Thread 0x0000025bcf7aa5a0 Thread exited: 0x0000025bcf7aa5a0
Event: 926.113 Thread 0x0000025bcf7ac030 Thread exited: 0x0000025bcf7ac030
Event: 978.636 Thread 0x0000025bd062f6d0 Thread exited: 0x0000025bd062f6d0
Event: 992.775 Thread 0x0000025bd0630b10 Thread exited: 0x0000025bd0630b10
Event: 995.011 Thread 0x0000025bd0636120 Thread exited: 0x0000025bd0636120
Event: 1010.188 Thread 0x0000025bd06351f0 Thread exited: 0x0000025bd06351f0
Event: 1055.020 Thread 0x0000025bd0631530 Thread exited: 0x0000025bd0631530


Dynamic libraries:
0x00007ff616c40000 - 0x00007ff616c4e000 	c:\Users\Thiago\AppData\Roaming\Code\User\globalStorage\pleiades.java-extension-pack-jdk\java\17\bin\java.exe
0x00007ffcf81b0000 - 0x00007ffcf83a8000 	C:\Windows\SYSTEM32\ntdll.dll
0x00007ffcf7890000 - 0x00007ffcf794d000 	C:\Windows\System32\KERNEL32.DLL
0x00007ffcf5970000 - 0x00007ffcf5c66000 	C:\Windows\System32\KERNELBASE.dll
0x00007ffcf5fc0000 - 0x00007ffcf60c0000 	C:\Windows\System32\ucrtbase.dll
0x00007ffcddb50000 - 0x00007ffcddb67000 	c:\Users\Thiago\AppData\Roaming\Code\User\globalStorage\pleiades.java-extension-pack-jdk\java\17\bin\jli.dll
0x00007ffcf7030000 - 0x00007ffcf71ce000 	C:\Windows\System32\USER32.dll
0x00007ffcf61e0000 - 0x00007ffcf6202000 	C:\Windows\System32\win32u.dll
0x00007ffcf7a80000 - 0x00007ffcf7aac000 	C:\Windows\System32\GDI32.dll
0x00007ffcf5ea0000 - 0x00007ffcf5fba000 	C:\Windows\System32\gdi32full.dll
0x00007ffcf5e00000 - 0x00007ffcf5e9d000 	C:\Windows\System32\msvcp_win.dll
0x00007ffcef020000 - 0x00007ffcef03b000 	c:\Users\Thiago\AppData\Roaming\Code\User\globalStorage\pleiades.java-extension-pack-jdk\java\17\bin\VCRUNTIME140.dll
0x00007ffce4b60000 - 0x00007ffce4dfa000 	C:\Windows\WinSxS\amd64_microsoft.windows.common-controls_6595b64144ccf1df_6.0.19041.3636_none_60b6a03d71f818d5\COMCTL32.dll
0x00007ffcf6d10000 - 0x00007ffcf6dae000 	C:\Windows\System32\msvcrt.dll
0x00007ffcf6210000 - 0x00007ffcf6240000 	C:\Windows\System32\IMM32.DLL
0x00007ffcf0550000 - 0x00007ffcf055c000 	c:\Users\Thiago\AppData\Roaming\Code\User\globalStorage\pleiades.java-extension-pack-jdk\java\17\bin\vcruntime140_1.dll
0x00007ffccd370000 - 0x00007ffccd3fd000 	c:\Users\Thiago\AppData\Roaming\Code\User\globalStorage\pleiades.java-extension-pack-jdk\java\17\bin\msvcp140.dll
0x00007ffc86df0000 - 0x00007ffc87a51000 	c:\Users\Thiago\AppData\Roaming\Code\User\globalStorage\pleiades.java-extension-pack-jdk\java\17\bin\server\jvm.dll
0x00007ffcf7bf0000 - 0x00007ffcf7c9e000 	C:\Windows\System32\ADVAPI32.dll
0x00007ffcf71d0000 - 0x00007ffcf726c000 	C:\Windows\System32\sechost.dll
0x00007ffcf7950000 - 0x00007ffcf7a76000 	C:\Windows\System32\RPCRT4.dll
0x00007ffcd6070000 - 0x00007ffcd6079000 	C:\Windows\SYSTEM32\WSOCK32.dll
0x00007ffceca70000 - 0x00007ffceca97000 	C:\Windows\SYSTEM32\WINMM.dll
0x00007ffcf6fc0000 - 0x00007ffcf702b000 	C:\Windows\System32\WS2_32.dll
0x00007ffcec9d0000 - 0x00007ffcec9da000 	C:\Windows\SYSTEM32\VERSION.dll
0x00007ffcf4db0000 - 0x00007ffcf4dfb000 	C:\Windows\SYSTEM32\POWRPROF.dll
0x00007ffcf4c70000 - 0x00007ffcf4c82000 	C:\Windows\SYSTEM32\UMPDC.dll
0x00007ffcf40a0000 - 0x00007ffcf40b2000 	C:\Windows\SYSTEM32\kernel.appcore.dll
0x00007ffcf0530000 - 0x00007ffcf053a000 	c:\Users\Thiago\AppData\Roaming\Code\User\globalStorage\pleiades.java-extension-pack-jdk\java\17\bin\jimage.dll
0x00007ffcecb60000 - 0x00007ffcecd44000 	C:\Windows\SYSTEM32\DBGHELP.DLL
0x00007ffcd8c60000 - 0x00007ffcd8c94000 	C:\Windows\SYSTEM32\dbgcore.DLL
0x00007ffcf5890000 - 0x00007ffcf5912000 	C:\Windows\System32\bcryptPrimitives.dll
0x00007ffcdd290000 - 0x00007ffcdd2b5000 	c:\Users\Thiago\AppData\Roaming\Code\User\globalStorage\pleiades.java-extension-pack-jdk\java\17\bin\java.dll
0x00007ffc89610000 - 0x00007ffc896e7000 	c:\Users\Thiago\AppData\Roaming\Code\User\globalStorage\pleiades.java-extension-pack-jdk\java\17\bin\jsvml.dll
0x00007ffcf6240000 - 0x00007ffcf6984000 	C:\Windows\System32\SHELL32.dll
0x00007ffcf38f0000 - 0x00007ffcf408b000 	C:\Windows\SYSTEM32\windows.storage.dll
0x00007ffcf7530000 - 0x00007ffcf7884000 	C:\Windows\System32\combase.dll
0x00007ffcf51f0000 - 0x00007ffcf521d000 	C:\Windows\SYSTEM32\Wldp.dll
0x00007ffcf6ab0000 - 0x00007ffcf6b5d000 	C:\Windows\System32\SHCORE.dll
0x00007ffcf7ca0000 - 0x00007ffcf7cf5000 	C:\Windows\System32\shlwapi.dll
0x00007ffcf57c0000 - 0x00007ffcf57e5000 	C:\Windows\SYSTEM32\profapi.dll
0x00007ffcdbdb0000 - 0x00007ffcdbdc9000 	C:\Users\Thiago\AppData\Roaming\Code\User\globalStorage\pleiades.java-extension-pack-jdk\java\17\bin\net.dll
0x00007ffcee530000 - 0x00007ffcee63a000 	C:\Windows\SYSTEM32\WINHTTP.dll
0x00007ffcf4fd0000 - 0x00007ffcf503a000 	C:\Windows\system32\mswsock.dll
0x00007ffccdef0000 - 0x00007ffccdf06000 	C:\Users\Thiago\AppData\Roaming\Code\User\globalStorage\pleiades.java-extension-pack-jdk\java\17\bin\nio.dll
0x00007ffcdd270000 - 0x00007ffcdd288000 	C:\Users\Thiago\AppData\Roaming\Code\User\globalStorage\pleiades.java-extension-pack-jdk\java\17\bin\zip.dll
0x00007ffcf5230000 - 0x00007ffcf5248000 	C:\Windows\SYSTEM32\CRYPTSP.dll
0x00007ffcf48b0000 - 0x00007ffcf48e4000 	C:\Windows\system32\rsaenh.dll
0x00007ffcf5c70000 - 0x00007ffcf5c97000 	C:\Windows\System32\bcrypt.dll
0x00007ffcf5740000 - 0x00007ffcf576e000 	C:\Windows\SYSTEM32\USERENV.dll
0x00007ffcf5160000 - 0x00007ffcf516c000 	C:\Windows\SYSTEM32\CRYPTBASE.dll
0x00007ffcf4c90000 - 0x00007ffcf4ccb000 	C:\Windows\SYSTEM32\IPHLPAPI.DLL
0x00007ffcf6aa0000 - 0x00007ffcf6aa8000 	C:\Windows\System32\NSI.dll
0x00007ffceeb00000 - 0x00007ffceeb17000 	C:\Windows\SYSTEM32\dhcpcsvc6.DLL
0x00007ffceeae0000 - 0x00007ffceeafd000 	C:\Windows\SYSTEM32\dhcpcsvc.DLL
0x00007ffcf4ce0000 - 0x00007ffcf4daa000 	C:\Windows\SYSTEM32\DNSAPI.dll
0x00007ffcdd400000 - 0x00007ffcdd410000 	c:\Users\Thiago\AppData\Roaming\Code\User\globalStorage\pleiades.java-extension-pack-jdk\java\17\bin\verify.dll
0x00007ffcefc60000 - 0x00007ffcefc69000 	C:\Users\Thiago\AppData\Roaming\Code\User\globalStorage\pleiades.java-extension-pack-jdk\java\17\bin\management.dll
0x00007ffcefc50000 - 0x00007ffcefc5b000 	C:\Users\Thiago\AppData\Roaming\Code\User\globalStorage\pleiades.java-extension-pack-jdk\java\17\bin\management_ext.dll
0x00007ffcf7490000 - 0x00007ffcf7498000 	C:\Windows\System32\PSAPI.DLL
0x00007ffcdd3a0000 - 0x00007ffcdd3ae000 	C:\Users\Thiago\AppData\Roaming\Code\User\globalStorage\pleiades.java-extension-pack-jdk\java\17\bin\sunmscapi.dll
0x00007ffcf5ca0000 - 0x00007ffcf5dfd000 	C:\Windows\System32\CRYPT32.dll
0x00007ffcf5340000 - 0x00007ffcf5367000 	C:\Windows\SYSTEM32\ncrypt.dll
0x00007ffcf5300000 - 0x00007ffcf533b000 	C:\Windows\SYSTEM32\NTASN1.dll
0x00007ffce4730000 - 0x00007ffce473a000 	C:\Windows\System32\rasadhlp.dll
0x00007ffcee120000 - 0x00007ffcee1a0000 	C:\Windows\System32\fwpuclnt.dll

dbghelp: loaded successfully - version: 4.0.5 - missing functions: none
symbol engine: initialized successfully - sym options: 0x614 - pdb path: .;c:\Users\Thiago\AppData\Roaming\Code\User\globalStorage\pleiades.java-extension-pack-jdk\java\17\bin;C:\Windows\SYSTEM32;C:\Windows\WinSxS\amd64_microsoft.windows.common-controls_6595b64144ccf1df_6.0.19041.3636_none_60b6a03d71f818d5;c:\Users\Thiago\AppData\Roaming\Code\User\globalStorage\pleiades.java-extension-pack-jdk\java\17\bin\server

VM Arguments:
jvm_args: -XX:+HeapDumpOnOutOfMemoryError -Xmx1024m -Dsts.lsp.client=vscode -Dsts.log.file=/dev/null -XX:TieredStopAtLevel=1 -Xlog:jni+resolve=off -Dspring.config.location=file:c:\Users\Thiago\.vscode\extensions\vmware.vscode-spring-boot-1.50.0\language-server\BOOT-INF\classes\application.properties 
java_command: org.springframework.ide.vscode.boot.app.BootLanguageServerBootApp
java_class_path (initial): c:\Users\Thiago\.vscode\extensions\vmware.vscode-spring-boot-1.50.0\language-server\BOOT-INF\classes;c:\Users\Thiago\.vscode\extensions\vmware.vscode-spring-boot-1.50.0\language-server\BOOT-INF\lib\annotations-24.0.1.jar;c:\Users\Thiago\.vscode\extensions\vmware.vscode-spring-boot-1.50.0\language-server\BOOT-INF\lib\antlr-runtime-3.5.3.jar;c:\Users\Thiago\.vscode\extensions\vmware.vscode-spring-boot-1.50.0\language-server\BOOT-INF\lib\antlr4-4.11.1.jar;c:\Users\Thiago\.vscode\extensions\vmware.vscode-spring-boot-1.50.0\language-server\BOOT-INF\lib\antlr4-runtime-4.11.1.jar;c:\Users\Thiago\.vscode\extensions\vmware.vscode-spring-boot-1.50.0\language-server\BOOT-INF\lib\archunit-1.1.0.jar;c:\Users\Thiago\.vscode\extensions\vmware.vscode-spring-boot-1.50.0\language-server\BOOT-INF\lib\asm-9.5.jar;c:\Users\Thiago\.vscode\extensions\vmware.vscode-spring-boot-1.50.0\language-server\BOOT-INF\lib\asm-analysis-9.5.jar;c:\Users\Thiago\.vscode\extensions\vmware.vscode-spring-boot-1.50.0\language-server\BOOT-INF\lib\asm-tree-9.5.jar;c:\Users\Thiago\.vscode\extensions\vmware.vscode-spring-boot-1.50.0\language-server\BOOT-INF\lib\asm-util-9.5.jar;c:\Users\Thiago\.vscode\extensions\vmware.vscode-spring-boot-1.50.0\language-server\BOOT-INF\lib\bosh-language-server-1.50.0-SNAPSHOT.jar;c:\Users\Thiago\.vscode\extensions\vmware.vscode-spring-boot-1.50.0\language-server\BOOT-INF\lib\caffeine-3.1.8.jar;c:\Users\Thiago\.vscode\extensions\vmware.vscode-spring-boot-1.50.0\language-server\BOOT-INF\lib\checker-qual-3.12.0.jar;c:\Users\Thiago\.vscode\extensions\vmware.vscode-spring-boot-1.50.0\language-server\BOOT-INF\lib\classgraph-4.8.149.jar;c:\Users\Thiago\.vscode\extensions\vmware.vscode-spring-boot-1.50.0\language-server\BOOT-INF\lib\commons-codec-1.15.jar;c:\Users\Thiago\.vscode\extensions\vmware.vscode-spring-boot-1.50.0\language-server\BOOT-INF\lib\commons-compress-1.24.0.jar;c:\Users\Thiago\.vscode\extensions\vmware.vscode-spring-boot-1.50.0\language-ser
Launcher Type: SUN_STANDARD

[Global flags]
     intx CICompilerCount                          = 4                                         {product} {ergonomic}
     uint ConcGCThreads                            = 2                                         {product} {ergonomic}
     uint G1ConcRefinementThreads                  = 8                                         {product} {ergonomic}
   size_t G1HeapRegionSize                         = 1048576                                   {product} {ergonomic}
    uintx GCDrainStackTargetSize                   = 64                                        {product} {ergonomic}
     bool HeapDumpOnOutOfMemoryError               = true                                   {manageable} {command line}
   size_t InitialHeapSize                          = 536870912                                 {product} {ergonomic}
   size_t MarkStackSize                            = 4194304                                   {product} {ergonomic}
   size_t MaxHeapSize                              = 1073741824                                {product} {command line}
   size_t MaxNewSize                               = 643825664                                 {product} {ergonomic}
   size_t MinHeapDeltaBytes                        = 1048576                                   {product} {ergonomic}
   size_t MinHeapSize                              = 8388608                                   {product} {ergonomic}
    uintx NonProfiledCodeHeapSize                  = 0                                      {pd product} {ergonomic}
     bool ProfileInterpreter                       = false                                  {pd product} {command line}
    uintx ProfiledCodeHeapSize                     = 0                                      {pd product} {ergonomic}
   size_t SoftMaxHeapSize                          = 1073741824                             {manageable} {ergonomic}
     intx TieredStopAtLevel                        = 1                                         {product} {command line}
     bool UseCompressedClassPointers               = true                           {product lp64_product} {ergonomic}
     bool UseCompressedOops                        = true                           {product lp64_product} {ergonomic}
     bool UseG1GC                                  = true                                      {product} {ergonomic}
     bool UseLargePagesIndividualAllocation        = false                                  {pd product} {ergonomic}

Logging:
Log output configuration:
 #0: stdout all=warning,jni+resolve=off uptime,level,tags
 #1: stderr all=off uptime,level,tags

Environment Variables:
PATH=C:\Program Files\Common Files\Oracle\Java\javapath;C:\Program Files (x86)\Common Files\Oracle\Java\javapath;C:\Windows\system32;C:\Windows;C:\Windows\System32\Wbem;C:\Windows\System32\WindowsPowerShell\v1.0\;C:\Windows\System32\OpenSSH\;C:\Users\Thiago\AppData\Roaming\nvm;C:\Program Files\nodejs;C:\Program Files (x86)\NVIDIA Corporation\PhysX\Common;C:\ProgramData\chocolatey\bin;C:\Program Files\Microsoft SQL Server\150\Tools\Binn\;C:\Program Files\Microsoft SQL Server\Client SDK\ODBC\170\Tools\Binn\;C:\Program Files\dotnet\;C:\Program Files\NVIDIA Corporation\NVIDIA NvDLISR;C:\Program Files (x86)\Yarn\bin\;C:\Program Files\Git\cmd;C:\maven\bin;C:\Program Files\Docker\Docker\resources\bin;C:\Program Files\PostgreSQL\16\bin;C:\Program Files\MySQL\MySQL Shell 8.0\bin\;C:\Users\Thiago\.cargo\bin;C:\Users\Thiago\AppData\Local\pnpm;C:\Users\Thiago\AppData\Local\Microsoft\WindowsApps;C:\Users\Thiago\AppData\Roaming\nvm;C:\Program Files\nodejs;C:\Users\Thiago\.dotnet\tools;C:\Users\Thiago\AppData\Local\Yarn\bin;C:\Users\Thiago\AppData\Local\Programs\Microsoft VS Code\bin;;C:\Program Files\JetBrains\IntelliJ IDEA 2023.2.4\bin;
USERNAME=Thiago
OS=Windows_NT
PROCESSOR_IDENTIFIER=Intel64 Family 6 Model 60 Stepping 3, GenuineIntel
TMP=C:\Users\Thiago\AppData\Local\Temp
TEMP=C:\Users\Thiago\AppData\Local\Temp



Periodic native trim disabled


---------------  S Y S T E M  ---------------

OS:
 Windows 10 , 64 bit Build 19041 (10.0.19041.3636)
OS uptime: 0 days 12:25 hours
Hyper-V role detected

CPU: total 8 (initial active 8) (4 cores per cpu, 2 threads per core) family 6 model 60 stepping 3 microcode 0x27, cx8, cmov, fxsr, ht, mmx, sse, sse2, sse3, ssse3, sse4.1, sse4.2, popcnt, lzcnt, tsc, tscinvbit, avx, avx2, aes, erms, clmul, bmi1, bmi2, fma, vzeroupper, clflush, hv
Processor Information for all 8 processors :
  Max Mhz: 4001, Current Mhz: 4001, Mhz Limit: 4001

Memory: 4k page, system-wide physical 32708M (20204M free)
TotalPageFile size 37572M (AvailPageFile size 22121M)
current process WorkingSet (physical memory assigned to process): 207M, peak: 223M
current process commit charge ("private bytes"): 278M, peak: 649M

vm_info: OpenJDK 64-Bit Server VM (17.0.9+9) for windows-amd64 JRE (17.0.9+9), built on Oct 26 2023 14:01:42 by "admin" with MS VC++ 16.10 / 16.11 (VS2019)

END.
